<?xml version="1.0" encoding="UTF-8"?>
<!-- Generated by org.testng.reporters.JUnitReportReporter -->
<testsuite hostname="Paarthis" failures="0" tests="2" name="EcommerceApp.Ecommerce_TC_001" time="120.754" errors="0" timestamp="2022-04-08T12:51:07 IST" skipped="0">
  <testcase classname="EcommerceApp.Ecommerce_TC_001" name="signUpRegistration" time="58.100"/>
  <system-out/>
  <testcase classname="EcommerceApp.Ecommerce_TC_001" name="signUpRegistration" time="62.654"/>
  <system-out/>
</testsuite> <!-- EcommerceApp.Ecommerce_TC_001 -->
