<?xml version="1.0" encoding="UTF-8"?>
<!-- Generated by org.testng.reporters.JUnitReportReporter -->
<testsuite hostname="Paarthis" failures="0" tests="1" name="EcommerceApp.Ecommerce_TC_001_Cloud_BrowserStack" time="81.910" errors="0" timestamp="2022-04-08T18:00:44 IST" skipped="0">
  <testcase classname="EcommerceApp.Ecommerce_TC_001_Cloud_BrowserStack" name="signUpRegistration" time="81.910"/>
  <system-out/>
</testsuite> <!-- EcommerceApp.Ecommerce_TC_001_Cloud_BrowserStack -->
