<?xml version="1.0" encoding="UTF-8"?>
<!-- Generated by org.testng.reporters.JUnitReportReporter -->
<testsuite hostname="Paarthis" failures="0" tests="1" name="EcommerceApp.Ecommerce_TC_002_ToastMsg" time="27.115" errors="0" timestamp="2022-04-08T12:03:30 IST" skipped="0">
  <testcase classname="EcommerceApp.Ecommerce_TC_002_ToastMsg" name="toastMsg" time="27.115"/>
  <system-out/>
</testsuite> <!-- EcommerceApp.Ecommerce_TC_002_ToastMsg -->
