<?xml version="1.0" encoding="UTF-8"?>
<!-- Generated by org.testng.reporters.JUnitReportReporter -->
<testsuite skipped="0" hostname="Paarthis" name="EcommerceApp.Ecommerce_TC_002_ToastMsg" tests="1" failures="0" timestamp="2022-04-08T15:58:34 IST" time="40.609" errors="0">
  <testcase name="toastMsg" time="40.609" classname="EcommerceApp.Ecommerce_TC_002_ToastMsg"/>
  <system-out/>
</testsuite> <!-- EcommerceApp.Ecommerce_TC_002_ToastMsg -->
